[18:14:16] [main/INFO] (FabricLoader/GameProvider) Loading Minecraft 1.19 with Fabric Loader 0.14.8
[18:14:16] [main/DEBUG] (FabricLoader/GamePatch) Found game constructor: net.minecraft.client.main.Main -> net.minecraft.client.MinecraftClient
[18:14:16] [main/DEBUG] (FabricLoader/GamePatch) Patching game constructor <init>(Lnet/minecraft/client/RunArgs;)V
[18:14:16] [main/DEBUG] (FabricLoader/GamePatch) Run directory field is thought to be net/minecraft/client/MinecraftClient/runDirectory
[18:14:16] [main/DEBUG] (FabricLoader/GamePatch) Applying brand name hook to net/minecraft/client/ClientBrandRetriever::getClientModName
[18:14:16] [main/DEBUG] (FabricLoader/GamePatch) Applying brand name hook to net/minecraft/server/MinecraftServer::getServerModName
[18:14:16] [main/DEBUG] (FabricLoader/GamePatch) Patched 3 classs
[18:14:16] [main/DEBUG] (FabricLoader/Discovery) Mod discovery time: 32,1 ms
[18:14:16] [main/WARN] (FabricLoader/Resolution) Mod resolution failed
[18:14:16] [main/INFO] (FabricLoader/Resolution) Immediate reason: [HARD_DEP_INCOMPATIBLE_PRESELECTED trident-fly 1.0.0 {depends minecraft @ [~1.18.2]}, ROOT_FORCELOAD_SINGLE trident-fly 1.0.0]
[18:14:16] [main/INFO] (FabricLoader/Resolution) Reason: [HARD_DEP trident-fly 1.0.0 {depends minecraft @ [~1.18.2]}]
[18:14:16] [main/INFO] (FabricLoader/Resolution) Fix: add [], remove [], replace [[trident-fly 1.0.0] -> add:trident-fly 1 ([(-?,?)])]
[18:14:16] [main/ERROR] (FabricLoader) Incompatible mod set!
net.fabricmc.loader.impl.FormattedException: Mod resolution encountered an incompatible mod set!
A potential solution has been determined:
	 - Replace mod 'Trident Fly' (trident-fly) 1.0.0 with any version that is compatible with:
		 - minecraft 1.19
Unmet dependency listing:
	 - Mod 'Trident Fly' (trident-fly) 1.0.0 requires any version between 1.18.2 (inclusive) and 1.19- (exclusive) of 'Minecraft' (minecraft), but only the wrong version is present: 1.19!
	at net.fabricmc.loader.impl.FabricLoaderImpl.load(FabricLoaderImpl.java:190) ~[fabric-loader-0.14.8.jar:?]
	at net.fabricmc.loader.impl.launch.knot.Knot.init(Knot.java:148) ~[fabric-loader-0.14.8.jar:?]
	at net.fabricmc.loader.impl.launch.knot.Knot.launch(Knot.java:68) [fabric-loader-0.14.8.jar:?]
	at net.fabricmc.loader.impl.launch.knot.KnotClient.main(KnotClient.java:23) [fabric-loader-0.14.8.jar:?]
	at net.fabricmc.devlaunchinjector.Main.main(Main.java:86) [dev-launch-injector-0.2.1+build.8.jar:?]
